<?xml version="1.0" encoding="UTF-8"?>
<!-- Generated by org.testng.reporters.JUnitReportReporter -->
<testsuite hostname="DESKTOP-NBJ195T" name="testcase.Wishlist" tests="3" failures="0" timestamp="2 Aug 2019 05:54:02 GMT" time="338.671" errors="0">
  <testcase name="wishlistProduct" time="79.775" classname="testcase.Wishlist"/>
  <testcase name="WishlisttocartUsingExpress" time="189.977" classname="testcase.Wishlist"/>
  <testcase name="removeWishlist" time="68.919" classname="testcase.Wishlist"/>
</testsuite> <!-- testcase.Wishlist -->
