<?xml version="1.0" encoding="UTF-8"?>
<!-- Generated by org.testng.reporters.JUnitReportReporter -->
<testsuite hostname="DESKTOP-NBJ195T" name="testcase.CriticalPathFlow" tests="1" failures="0" timestamp="25 Jul 2019 12:04:56 GMT" time="109.354" errors="0">
  <testcase name="crticalPathFlowUsingNewAddress" time="109.354" classname="testcase.CriticalPathFlow"/>
</testsuite> <!-- testcase.CriticalPathFlow -->
