<?xml version="1.0" encoding="UTF-8"?>
<!-- Generated by org.testng.reporters.JUnitReportReporter -->
<testsuite hostname="DESKTOP-NBJ195T" name="testcase.SignUpLogin" tests="3" failures="0" timestamp="2 Aug 2019 05:54:02 GMT" time="184.062" errors="0">
  <testcase name="forgetPassword" time="57.453" classname="testcase.SignUpLogin"/>
  <testcase name="userSignup" time="65.533" classname="testcase.SignUpLogin"/>
  <testcase name="LoginNovica" time="61.076" classname="testcase.SignUpLogin"/>
</testsuite> <!-- testcase.SignUpLogin -->
