<?xml version="1.0" encoding="UTF-8"?>
<!-- Generated by org.testng.reporters.JUnitReportReporter -->
<testsuite hostname="DESKTOP-NBJ195T" name="testcase.WholeSale" tests="2" failures="0" timestamp="24 Jul 2019 07:15:01 GMT" time="332.029" errors="0">
  <testcase name="removeAddress2" time="73.671" classname="testcase.WholeSale"/>
  <testcase name="crticalPathFlowUsingNewAddress" time="258.358" classname="testcase.WholeSale"/>
</testsuite> <!-- testcase.WholeSale -->
