<?xml version="1.0" encoding="UTF-8"?>
<!-- Generated by org.testng.reporters.JUnitReportReporter -->
<testsuite hostname="DESKTOP-NBJ195T" name="testcase.SignUpLogin" tests="3" failures="0" timestamp="24 Jul 2019 07:15:01 GMT" time="195.657" errors="0">
  <testcase name="LoginNovica" time="64.182" classname="testcase.SignUpLogin"/>
  <testcase name="userSignup" time="71.971" classname="testcase.SignUpLogin"/>
  <testcase name="forgetPassword" time="59.504" classname="testcase.SignUpLogin"/>
</testsuite> <!-- testcase.SignUpLogin -->
