<?xml version="1.0" encoding="UTF-8"?>
<!-- Generated by org.testng.reporters.JUnitReportReporter -->
<testsuite hostname="DESKTOP-NBJ195T" name="testcase.AddressBook" tests="2" failures="0" timestamp="2 Aug 2019 05:54:02 GMT" time="192.720" errors="0">
  <testcase name="crticalPathSameAddress" time="118.444" classname="testcase.AddressBook"/>
  <testcase name="removeAddress1" time="74.276" classname="testcase.AddressBook"/>
</testsuite> <!-- testcase.AddressBook -->
