<?xml version="1.0" encoding="UTF-8"?>
<!-- Generated by org.testng.reporters.JUnitReportReporter -->
<testsuite hostname="DESKTOP-NBJ195T" name="testcase.CriticalPathFlow" tests="1" failures="0" timestamp="24 Jul 2019 07:15:01 GMT" time="131.759" errors="0">
  <testcase name="crticalPathFlowUsingNewAddress" time="131.759" classname="testcase.CriticalPathFlow"/>
</testsuite> <!-- testcase.CriticalPathFlow -->
