<?xml version="1.0" encoding="UTF-8"?>
<!-- Generated by org.testng.reporters.JUnitReportReporter -->
<testsuite hostname="DESKTOP-NBJ195T" name="testcase.SignUpLogin" tests="3" failures="0" timestamp="25 Jul 2019 12:04:56 GMT" time="185.842" errors="0">
  <testcase name="forgetPassword" time="56.998" classname="testcase.SignUpLogin"/>
  <testcase name="userSignup" time="68.669" classname="testcase.SignUpLogin"/>
  <testcase name="LoginNovica" time="60.175" classname="testcase.SignUpLogin"/>
</testsuite> <!-- testcase.SignUpLogin -->
