<?xml version="1.0" encoding="UTF-8"?>
<!-- Generated by org.testng.reporters.JUnitReportReporter -->
<testsuite hostname="DESKTOP-NBJ195T" name="testcase.WholeSale" tests="1" failures="0" timestamp="12 Jul 2019 13:17:43 GMT" time="622.525" errors="0">
  <testcase name="crticalPathFlowUsingNewAddress" time="622.525" classname="testcase.WholeSale"/>
</testsuite> <!-- testcase.WholeSale -->
