<?xml version="1.0" encoding="UTF-8"?>
<!-- Generated by org.testng.reporters.JUnitReportReporter -->
<testsuite hostname="DESKTOP-NBJ195T" name="testcase.AddressBook" tests="2" failures="0" timestamp="24 Jul 2019 07:15:01 GMT" time="205.864" errors="0">
  <testcase name="crticalPathSameAddress" time="128.234" classname="testcase.AddressBook"/>
  <testcase name="removeAddress1" time="77.630" classname="testcase.AddressBook"/>
</testsuite> <!-- testcase.AddressBook -->
