<?xml version="1.0" encoding="UTF-8"?>
<!-- Generated by org.testng.reporters.JUnitReportReporter -->
<testsuite hostname="DESKTOP-NBJ195T" name="testcase.AddressBook" tests="2" failures="0" timestamp="25 Jul 2019 12:04:56 GMT" time="185.038" errors="0">
  <testcase name="removeAddress1" time="72.112" classname="testcase.AddressBook"/>
  <testcase name="crticalPathSameAddress" time="112.926" classname="testcase.AddressBook"/>
</testsuite> <!-- testcase.AddressBook -->
