<?xml version="1.0" encoding="UTF-8"?>
<!-- Generated by org.testng.reporters.JUnitReportReporter -->
<testsuite hostname="DESKTOP-NBJ195T" name="testcase.SignUpLogin" tests="3" failures="0" timestamp="11 Jul 2019 10:52:17 GMT" time="182.062" errors="0">
  <testcase name="LoginNovica" time="59.300" classname="testcase.SignUpLogin"/>
  <testcase name="userSignup" time="67.028" classname="testcase.SignUpLogin"/>
  <testcase name="forgetPassword" time="55.734" classname="testcase.SignUpLogin"/>
</testsuite> <!-- testcase.SignUpLogin -->
