<?xml version="1.0" encoding="UTF-8"?>
<!-- Generated by org.testng.reporters.JUnitReportReporter -->
<testsuite hostname="DESKTOP-NBJ195T" name="testcase.WholeSale" tests="1" failures="0" timestamp="2 Aug 2019 06:44:48 GMT" time="279.263" errors="0">
  <testcase name="crticalPathFlowUsingNewAddress" time="279.263" classname="testcase.WholeSale"/>
</testsuite> <!-- testcase.WholeSale -->
