<?xml version="1.0" encoding="UTF-8"?>
<!-- Generated by org.testng.reporters.JUnitReportReporter -->
<testsuite hostname="DESKTOP-NBJ195T" name="testcases.CrticalPathFlow" tests="2" failures="0" timestamp="2 Jul 2019 10:04:15 GMT" time="244.810" errors="0">
  <testcase name="removeAddress" time="62.315" classname="testcases.CrticalPathFlow"/>
  <testcase name="typeandsearch" time="182.495" classname="testcases.CrticalPathFlow"/>
</testsuite> <!-- testcases.CrticalPathFlow -->
