<?xml version="1.0" encoding="UTF-8"?>
<!-- Generated by org.testng.reporters.JUnitReportReporter -->
<testsuite hostname="DESKTOP-NBJ195T" name="testcases.Wishlist" tests="1" failures="0" timestamp="26 Jun 2019 12:09:06 GMT" time="286.269" errors="0">
  <testcase name="WishlisttocartUsingGuest" time="286.269" classname="testcases.Wishlist"/>
</testsuite> <!-- testcases.Wishlist -->
