<?xml version="1.0" encoding="UTF-8"?>
<!-- Generated by org.testng.reporters.JUnitReportReporter -->
<testsuite hostname="DESKTOP-NBJ195T" name="testcases.CrticalPathFlow" tests="2" failures="0" timestamp="1 Jul 2019 12:18:36 GMT" time="211.141" errors="0">
  <testcase name="removeAddress" time="63.144" classname="testcases.CrticalPathFlow"/>
  <testcase name="typeandsearch" time="147.997" classname="testcases.CrticalPathFlow"/>
</testsuite> <!-- testcases.CrticalPathFlow -->
