<?xml version="1.0" encoding="UTF-8"?>
<!-- Generated by org.testng.reporters.JUnitReportReporter -->
<testsuite hostname="DESKTOP-NBJ195T" name="testcases.SignInSignUp" tests="3" failures="0" timestamp="11 Jul 2019 11:46:50 GMT" time="123.509" errors="0">
  <testcase name="LoginUnicefUS" time="38.565" classname="testcases.SignInSignUp"/>
  <testcase name="signup" time="49.084" classname="testcases.SignInSignUp"/>
  <testcase name="forgetPassword" time="35.860" classname="testcases.SignInSignUp"/>
</testsuite> <!-- testcases.SignInSignUp -->
