<?xml version="1.0" encoding="UTF-8"?>
<!-- Generated by org.testng.reporters.JUnitReportReporter -->
<testsuite hostname="DESKTOP-NBJ195T" name="testcases.InspiredGifts" tests="7" failures="0" timestamp="2 Aug 2019 07:51:39 GMT" time="509.224" errors="0">
  <testcase name="checkOutIGGift" time="132.149" classname="testcases.InspiredGifts"/>
  <testcase name="IGcreatePrintedAtHomeCard" time="57.744" classname="testcases.InspiredGifts"/>
  <testcase name="IGcreateCardPrintedCard" time="81.889" classname="testcases.InspiredGifts"/>
  <testcase name="RemoveIGGift" time="71.398" classname="testcases.InspiredGifts"/>
  <testcase name="removeAddress" time="53.623" classname="testcases.InspiredGifts"/>
  <testcase name="IGcreateEGreetingCard" time="67.817" classname="testcases.InspiredGifts"/>
  <testcase name="IGcreateCardNoCard" time="44.604" classname="testcases.InspiredGifts"/>
</testsuite> <!-- testcases.InspiredGifts -->
