<?xml version="1.0" encoding="UTF-8"?>
<!-- Generated by org.testng.reporters.JUnitReportReporter -->
<testsuite hostname="DESKTOP-NBJ195T" name="testcases.Wishlist" tests="1" failures="0" timestamp="1 Jul 2019 06:54:22 GMT" time="70.843" errors="0">
  <testcase name="removeAddress" time="70.843" classname="testcases.Wishlist"/>
</testsuite> <!-- testcases.Wishlist -->
