<?xml version="1.0" encoding="UTF-8"?>
<!-- Generated by org.testng.reporters.JUnitReportReporter -->
<testsuite hostname="DESKTOP-NBJ195T" name="testcases.CrticalPathFlow" tests="2" failures="0" timestamp="8 Jul 2019 07:38:38 GMT" time="208.470" errors="0">
  <testcase name="typeandsearch" time="146.597" classname="testcases.CrticalPathFlow"/>
  <testcase name="removeAddress" time="61.873" classname="testcases.CrticalPathFlow"/>
</testsuite> <!-- testcases.CrticalPathFlow -->
