<?xml version="1.0" encoding="UTF-8"?>
<!-- Generated by org.testng.reporters.JUnitReportReporter -->
<testsuite hostname="DESKTOP-NBJ195T" name="testcases.InspiredGifts" tests="6" failures="0" timestamp="8 Jul 2019 07:38:38 GMT" time="504.636" errors="0">
  <testcase name="IGcreateEGreetingCard" time="72.974" classname="testcases.InspiredGifts"/>
  <testcase name="IGcreateCardNoCard" time="47.581" classname="testcases.InspiredGifts"/>
  <testcase name="IGcreatePrintedAtHomeCard" time="66.369" classname="testcases.InspiredGifts"/>
  <testcase name="checkOutIGGift" time="146.379" classname="testcases.InspiredGifts"/>
  <testcase name="RemoveIGGift" time="82.340" classname="testcases.InspiredGifts"/>
  <testcase name="IGcreateCardPrintedCard" time="88.993" classname="testcases.InspiredGifts"/>
</testsuite> <!-- testcases.InspiredGifts -->
