<?xml version="1.0" encoding="UTF-8"?>
<!-- Generated by org.testng.reporters.JUnitReportReporter -->
<testsuite hostname="DESKTOP-NBJ195T" name="testcases.InspiredGifts" tests="6" failures="0" timestamp="2 Jul 2019 09:43:33 GMT" time="491.164" errors="0">
  <testcase name="RemoveIGGift" time="75.212" classname="testcases.InspiredGifts"/>
  <testcase name="IGcreateCardPrintedCard" time="83.544" classname="testcases.InspiredGifts"/>
  <testcase name="IGcreateEGreetingCard" time="69.589" classname="testcases.InspiredGifts"/>
  <testcase name="IGcreatePrintedAtHomeCard" time="62.433" classname="testcases.InspiredGifts"/>
  <testcase name="IGcreateCardNoCard" time="56.242" classname="testcases.InspiredGifts"/>
  <testcase name="checkOutIGGift" time="144.144" classname="testcases.InspiredGifts"/>
</testsuite> <!-- testcases.InspiredGifts -->
