<?xml version="1.0" encoding="UTF-8"?>
<!-- Generated by org.testng.reporters.JUnitReportReporter -->
<testsuite hostname="DESKTOP-NBJ195T" name="testcases.SignInSignUp" tests="3" failures="0" timestamp="8 Jul 2019 07:38:38 GMT" time="135.857" errors="0">
  <testcase name="forgetPassword" time="35.841" classname="testcases.SignInSignUp"/>
  <testcase name="signup" time="57.658" classname="testcases.SignInSignUp"/>
  <testcase name="LoginUnicefUS" time="42.358" classname="testcases.SignInSignUp"/>
</testsuite> <!-- testcases.SignInSignUp -->
