<?xml version="1.0" encoding="UTF-8"?>
<!-- Generated by org.testng.reporters.JUnitReportReporter -->
<testsuite hostname="DESKTOP-NBJ195T" name="testcases.SignInSignUp" tests="3" failures="0" timestamp="2 Aug 2019 07:51:39 GMT" time="123.835" errors="0">
  <testcase name="LoginUnicefUS" time="40.418" classname="testcases.SignInSignUp"/>
  <testcase name="forgetPassword" time="38.470" classname="testcases.SignInSignUp"/>
  <testcase name="signup" time="44.947" classname="testcases.SignInSignUp"/>
</testsuite> <!-- testcases.SignInSignUp -->
