<?xml version="1.0" encoding="UTF-8"?>
<!-- Generated by org.testng.reporters.JUnitReportReporter -->
<testsuite hostname="DESKTOP-NBJ195T" name="testcases.CrticalPathFlow" tests="2" failures="0" timestamp="11 Jul 2019 11:46:50 GMT" time="213.117" errors="0">
  <testcase name="typeandsearch" time="150.115" classname="testcases.CrticalPathFlow"/>
  <testcase name="removeAddress" time="63.002" classname="testcases.CrticalPathFlow"/>
</testsuite> <!-- testcases.CrticalPathFlow -->
