<?xml version="1.0" encoding="UTF-8"?>
<!-- Generated by org.testng.reporters.JUnitReportReporter -->
<testsuite hostname="DESKTOP-NBJ195T" name="testcases.Wishlist" tests="3" failures="0" timestamp="11 Jul 2019 12:00:43 GMT" time="388.758" errors="0">
  <testcase name="wishlistProduct" time="50.041" classname="testcases.Wishlist"/>
  <testcase name="WishlisttocartCheckOut" time="163.019" classname="testcases.Wishlist"/>
  <testcase name="WishlisttocartUsingGuest" time="175.698" classname="testcases.Wishlist"/>
</testsuite> <!-- testcases.Wishlist -->
