<?xml version="1.0" encoding="UTF-8"?>
<!-- Generated by org.testng.reporters.JUnitReportReporter -->
<testsuite hostname="DESKTOP-NBJ195T" name="testcases.Wishlist" tests="3" failures="0" timestamp="8 Jul 2019 08:58:15 GMT" time="365.744" errors="0">
  <testcase name="WishlisttocartCheckOut" time="137.688" classname="testcases.Wishlist"/>
  <testcase name="wishlistProduct" time="56.421" classname="testcases.Wishlist"/>
  <testcase name="WishlisttocartUsingGuest" time="171.635" classname="testcases.Wishlist"/>
</testsuite> <!-- testcases.Wishlist -->
