<?xml version="1.0" encoding="UTF-8"?>
<!-- Generated by org.testng.reporters.JUnitReportReporter -->
<testsuite hostname="DESKTOP-NBJ195T" name="testcases.SignInSignUp" tests="3" failures="0" timestamp="2 Jul 2019 09:43:33 GMT" time="151.710" errors="0">
  <testcase name="signup" time="62.387" classname="testcases.SignInSignUp"/>
  <testcase name="LoginUnicefUS" time="44.534" classname="testcases.SignInSignUp"/>
  <testcase name="forgetPassword" time="44.789" classname="testcases.SignInSignUp"/>
</testsuite> <!-- testcases.SignInSignUp -->
