<?xml version="1.0" encoding="UTF-8"?>
<!-- Generated by org.testng.reporters.JUnitReportReporter -->
<testsuite hostname="DESKTOP-NBJ195T" name="testcases.InspiredGifts" tests="1" failures="0" timestamp="27 Jun 2019 12:34:12 GMT" time="107.160" errors="0">
  <testcase name="RemoveIGGift" time="107.160" classname="testcases.InspiredGifts"/>
</testsuite> <!-- testcases.InspiredGifts -->
