<?xml version="1.0" encoding="UTF-8"?>
<!-- Generated by org.testng.reporters.JUnitReportReporter -->
<testsuite hostname="DESKTOP-NBJ195T" name="testcases.InspiredGifts" tests="1" failures="0" timestamp="26 Jun 2019 12:30:23 GMT" time="30.674" errors="0">
  <testcase name="IGcreateCardPrintedCard" time="30.674" classname="testcases.InspiredGifts"/>
</testsuite> <!-- testcases.InspiredGifts -->
