<?xml version="1.0" encoding="UTF-8"?>
<!-- Generated by org.testng.reporters.JUnitReportReporter -->
<testsuite hostname="DESKTOP-NBJ195T" name="testcases.SignInSignUp" tests="1" failures="0" timestamp="26 Jun 2019 05:38:46 GMT" time="39.740" errors="0">
  <testcase name="signup" time="39.740" classname="testcases.SignInSignUp"/>
</testsuite> <!-- testcases.SignInSignUp -->
