<?xml version="1.0" encoding="UTF-8"?>
<!-- Generated by org.testng.reporters.JUnitReportReporter -->
<testsuite hostname="DESKTOP-NBJ195T" name="testcases.SignInSignUp" tests="3" failures="0" timestamp="1 Jul 2019 12:18:36 GMT" time="194.132" errors="0">
  <testcase name="LoginUnicefUS" time="75.893" classname="testcases.SignInSignUp"/>
  <testcase name="forgetPassword" time="68.905" classname="testcases.SignInSignUp"/>
  <testcase name="signup" time="49.334" classname="testcases.SignInSignUp"/>
</testsuite> <!-- testcases.SignInSignUp -->
