<?xml version="1.0" encoding="UTF-8"?>
<!-- Generated by org.testng.reporters.JUnitReportReporter -->
<testsuite hostname="DESKTOP-NBJ195T" name="testcases.Wishlist" tests="3" failures="0" timestamp="2 Aug 2019 07:51:39 GMT" time="318.314" errors="0">
  <testcase name="WishlisttocartUsingGuest" time="133.640" classname="testcases.Wishlist"/>
  <testcase name="wishlistProduct" time="48.899" classname="testcases.Wishlist"/>
  <testcase name="WishlisttocartCheckOut" time="135.775" classname="testcases.Wishlist"/>
</testsuite> <!-- testcases.Wishlist -->
