<?xml version="1.0" encoding="UTF-8"?>
<!-- Generated by org.testng.reporters.JUnitReportReporter -->
<testsuite hostname="DESKTOP-NBJ195T" name="testcases.InspiredGifts" tests="6" failures="0" timestamp="1 Jul 2019 12:18:36 GMT" time="521.710" errors="0">
  <testcase name="IGcreateCardNoCard" time="46.799" classname="testcases.InspiredGifts"/>
  <testcase name="IGcreateCardPrintedCard" time="92.387" classname="testcases.InspiredGifts"/>
  <testcase name="IGcreatePrintedAtHomeCard" time="71.691" classname="testcases.InspiredGifts"/>
  <testcase name="IGcreateEGreetingCard" time="88.952" classname="testcases.InspiredGifts"/>
  <testcase name="RemoveIGGift" time="73.670" classname="testcases.InspiredGifts"/>
  <testcase name="checkOutIGGift" time="148.211" classname="testcases.InspiredGifts"/>
</testsuite> <!-- testcases.InspiredGifts -->
