<?xml version="1.0" encoding="UTF-8"?>
<!-- Generated by org.testng.reporters.JUnitReportReporter -->
<testsuite hostname="DESKTOP-NBJ195T" name="testcases.InspiredGifts" tests="6" failures="0" timestamp="11 Jul 2019 11:46:50 GMT" time="478.737" errors="0">
  <testcase name="IGcreatePrintedAtHomeCard" time="63.448" classname="testcases.InspiredGifts"/>
  <testcase name="IGcreateCardPrintedCard" time="83.464" classname="testcases.InspiredGifts"/>
  <testcase name="IGcreateCardNoCard" time="43.057" classname="testcases.InspiredGifts"/>
  <testcase name="RemoveIGGift" time="70.689" classname="testcases.InspiredGifts"/>
  <testcase name="IGcreateEGreetingCard" time="71.696" classname="testcases.InspiredGifts"/>
  <testcase name="checkOutIGGift" time="146.383" classname="testcases.InspiredGifts"/>
</testsuite> <!-- testcases.InspiredGifts -->
