<?xml version="1.0" encoding="UTF-8"?>
<!-- Generated by org.testng.reporters.JUnitReportReporter -->
<testsuite hostname="DESKTOP-NBJ195T" name="testcases.CriticalPathFlow" tests="1" failures="0" timestamp="19 Feb 2020 12:53:20 GMT" time="63.283" errors="0">
  <testcase name="typeandsearch" time="63.283" classname="testcases.CriticalPathFlow"/>
</testsuite> <!-- testcases.CriticalPathFlow -->
