<?xml version="1.0" encoding="UTF-8"?>
<!-- Generated by org.testng.reporters.JUnitReportReporter -->
<testsuite hostname="DESKTOP-NBJ195T" name="testcases.CrticalPathFlow" tests="1" failures="0" timestamp="9 Jul 2019 05:28:59 GMT" time="19.233" errors="0">
  <testcase name="typeandsearch" time="19.233" classname="testcases.CrticalPathFlow"/>
</testsuite> <!-- testcases.CrticalPathFlow -->
