<?xml version="1.0" encoding="UTF-8"?>
<!-- Generated by org.testng.reporters.JUnitReportReporter -->
<testsuite hostname="DESKTOP-NBJ195T" name="testcases.CrticalPathFlow" tests="1" failures="0" timestamp="10 Jul 2019 12:08:02 GMT" time="105.619" errors="0">
  <testcase name="typeandsearch" time="105.619" classname="testcases.CrticalPathFlow"/>
</testsuite> <!-- testcases.CrticalPathFlow -->
