<?xml version="1.0" encoding="UTF-8"?>
<!-- Generated by org.testng.reporters.JUnitReportReporter -->
<testsuite hostname="DESKTOP-NBJ195T" name="testcases.CrticalPathFlow" tests="1" failures="0" timestamp="9 Jul 2019 12:50:30 GMT" time="157.180" errors="0">
  <testcase name="typeandsearch" time="157.180" classname="testcases.CrticalPathFlow"/>
</testsuite> <!-- testcases.CrticalPathFlow -->
