<?xml version="1.0" encoding="UTF-8"?>
<!-- Generated by org.testng.reporters.JUnitReportReporter -->
<testsuite hostname="DESKTOP-NBJ195T" name="testcases.CrticalPathFlow" tests="1" failures="0" timestamp="2 Aug 2019 06:58:23 GMT" time="103.784" errors="0">
  <testcase name="typeandsearch" time="103.784" classname="testcases.CrticalPathFlow"/>
</testsuite> <!-- testcases.CrticalPathFlow -->
