<?xml version="1.0" encoding="UTF-8"?>
<!-- Generated by org.testng.reporters.JUnitReportReporter -->
<testsuite hostname="DESKTOP-NBJ195T" name="testcase.InspiredGifts" tests="6" failures="0" timestamp="1 Jul 2019 05:38:11 GMT" time="533.899" errors="0">
  <testcase name="IGcreateCardEGreeting" time="74.745" classname="testcase.InspiredGifts"/>
  <testcase name="IGcreateCardPrintAtHomeCard" time="90.138" classname="testcase.InspiredGifts"/>
  <testcase name="expressCheckOutIGgift" time="106.676" classname="testcase.InspiredGifts"/>
  <testcase name="IGcreateCardPrintedCard" time="68.948" classname="testcase.InspiredGifts"/>
  <testcase name="IGcreateCardNoCard" time="69.811" classname="testcase.InspiredGifts"/>
  <testcase name="guestCheckOutIGgift" time="123.581" classname="testcase.InspiredGifts"/>
</testsuite> <!-- testcase.InspiredGifts -->
