<?xml version="1.0" encoding="UTF-8"?>
<!-- Generated by org.testng.reporters.JUnitReportReporter -->
<testsuite hostname="DESKTOP-NBJ195T" name="testcase.SignUpLogin" tests="3" failures="0" timestamp="24 Jul 2019 07:46:25 GMT" time="125.242" errors="0">
  <testcase name="forgetPassword" time="40.137" classname="testcase.SignUpLogin"/>
  <testcase name="userSignup" time="46.872" classname="testcase.SignUpLogin"/>
  <testcase name="LoginUnicefUS" time="38.233" classname="testcase.SignUpLogin"/>
</testsuite> <!-- testcase.SignUpLogin -->
