<?xml version="1.0" encoding="UTF-8"?>
<!-- Generated by org.testng.reporters.JUnitReportReporter -->
<testsuite hostname="DESKTOP-NBJ195T" name="testcase.Homepage" tests="2" failures="0" timestamp="25 Jul 2019 09:22:30 GMT" time="105.003" errors="0">
  <testcase name="headerMenu" time="79.584" classname="testcase.Homepage"/>
  <testcase name="searchProduct" time="25.419" classname="testcase.Homepage"/>
</testsuite> <!-- testcase.Homepage -->
