<?xml version="1.0" encoding="UTF-8"?>
<!-- Generated by org.testng.reporters.JUnitReportReporter -->
<testsuite hostname="DESKTOP-NBJ195T" name="testcase.SignUpLogin" tests="3" failures="0" timestamp="2 Aug 2019 07:26:17 GMT" time="104.691" errors="0">
  <testcase name="userSignup" time="36.864" classname="testcase.SignUpLogin"/>
  <testcase name="forgetPassword" time="35.337" classname="testcase.SignUpLogin"/>
  <testcase name="LoginUnicefUS" time="32.490" classname="testcase.SignUpLogin"/>
</testsuite> <!-- testcase.SignUpLogin -->
