<?xml version="1.0" encoding="UTF-8"?>
<!-- Generated by org.testng.reporters.JUnitReportReporter -->
<testsuite hostname="DESKTOP-NBJ195T" name="testcase.Wishlist" tests="10" failures="0" timestamp="25 Jul 2019 09:22:30 GMT" time="727.247" errors="0">
  <testcase name="removeWishlist" time="48.011" classname="testcase.Wishlist"/>
  <testcase name="WishlisttocartDiffShipAddress" time="112.448" classname="testcase.Wishlist"/>
  <testcase name="wishlistProduct" time="35.866" classname="testcase.Wishlist"/>
  <testcase name="createWishlist" time="78.495" classname="testcase.Wishlist"/>
  <testcase name="fbShareWishlist" time="44.632" classname="testcase.Wishlist"/>
  <testcase name="WishlisttocartUsingExpress" time="143.796" classname="testcase.Wishlist"/>
  <testcase name="viewProductWishlist" time="39.122" classname="testcase.Wishlist"/>
  <testcase name="twitterShareWishlist" time="42.351" classname="testcase.Wishlist"/>
  <testcase name="WishlisttocartUsingGuest" time="130.103" classname="testcase.Wishlist"/>
  <testcase name="shareWishlist" time="52.423" classname="testcase.Wishlist"/>
</testsuite> <!-- testcase.Wishlist -->
