<?xml version="1.0" encoding="UTF-8"?>
<!-- Generated by org.testng.reporters.JUnitReportReporter -->
<testsuite hostname="DESKTOP-NBJ195T" name="testcase.WishlistCart" tests="1" failures="0" timestamp="4 Jun 2019 13:32:02 GMT" time="82.466" errors="0">
  <testcase name="Wishlisttocart" time="82.466" classname="testcase.WishlistCart"/>
</testsuite> <!-- testcase.WishlistCart -->
