<?xml version="1.0" encoding="UTF-8"?>
<!-- Generated by org.testng.reporters.JUnitReportReporter -->
<testsuite hostname="DESKTOP-NBJ195T" name="testcase.Wishlist" tests="11" failures="0" timestamp="16 Jul 2019 09:45:31 GMT" time="771.715" errors="0">
  <testcase name="shareWishlist" time="37.930" classname="testcase.Wishlist"/>
  <testcase name="WishlisttocartUsingGuest" time="139.146" classname="testcase.Wishlist"/>
  <testcase name="WishlisttocartUsingExpress" time="125.797" classname="testcase.Wishlist"/>
  <testcase name="wishlistProduct" time="34.882" classname="testcase.Wishlist"/>
  <testcase name="fbShareWishlist" time="35.849" classname="testcase.Wishlist"/>
  <testcase name="removeAddressFromAddressBook" time="69.410" classname="testcase.Wishlist"/>
  <testcase name="removeWishlist" time="42.659" classname="testcase.Wishlist"/>
  <testcase name="viewProductWishlist" time="35.669" classname="testcase.Wishlist"/>
  <testcase name="createWishlist" time="72.763" classname="testcase.Wishlist"/>
  <testcase name="WishlisttocartDiffShipAddress" time="136.500" classname="testcase.Wishlist"/>
  <testcase name="twitterShareWishlist" time="41.110" classname="testcase.Wishlist"/>
</testsuite> <!-- testcase.Wishlist -->
