<?xml version="1.0" encoding="UTF-8"?>
<!-- Generated by org.testng.reporters.JUnitReportReporter -->
<testsuite hostname="DESKTOP-NBJ195T" name="testcase.Homepage" tests="2" failures="0" timestamp="9 Jul 2019 09:18:44 GMT" time="118.239" errors="0">
  <testcase name="searchProduct" time="34.197" classname="testcase.Homepage"/>
  <testcase name="headerMenu" time="84.042" classname="testcase.Homepage"/>
</testsuite> <!-- testcase.Homepage -->
