<?xml version="1.0" encoding="UTF-8"?>
<!-- Generated by org.testng.reporters.JUnitReportReporter -->
<testsuite hostname="DESKTOP-NBJ195T" name="testcase.SignUpLogin" tests="1" failures="0" timestamp="11 Jun 2019 06:00:32 GMT" time="27.582" errors="0">
  <testcase name="userSignup" time="27.582" classname="testcase.SignUpLogin"/>
</testsuite> <!-- testcase.SignUpLogin -->
