<?xml version="1.0" encoding="UTF-8"?>
<!-- Generated by org.testng.reporters.JUnitReportReporter -->
<testsuite hostname="DESKTOP-NBJ195T" name="testcase.InspiredGifts" tests="1" failures="0" timestamp="12 Jun 2019 13:27:44 GMT" time="79.522" errors="0">
  <testcase name="expressCheckOutIGgift" time="79.522" classname="testcase.InspiredGifts"/>
</testsuite> <!-- testcase.InspiredGifts -->
