<?xml version="1.0" encoding="UTF-8"?>
<!-- Generated by org.testng.reporters.JUnitReportReporter -->
<testsuite hostname="DESKTOP-NBJ195T" name="testcase.Homepage" tests="2" failures="0" timestamp="15 Jul 2019 13:19:30 GMT" time="116.094" errors="0">
  <testcase name="headerMenu" time="84.694" classname="testcase.Homepage"/>
  <testcase name="searchProduct" time="31.400" classname="testcase.Homepage"/>
</testsuite> <!-- testcase.Homepage -->
