<?xml version="1.0" encoding="UTF-8"?>
<!-- Generated by org.testng.reporters.JUnitReportReporter -->
<testsuite hostname="DESKTOP-NBJ195T" name="testcase.Wishlist" tests="11" failures="0" timestamp="18 Jun 2019 06:04:17 GMT" time="624.762" errors="0">
  <testcase name="removeWishlist" time="38.517" classname="testcase.Wishlist"/>
  <testcase name="removeAddressFromAddressBook" time="54.127" classname="testcase.Wishlist"/>
  <testcase name="viewProductWishlist" time="31.751" classname="testcase.Wishlist"/>
  <testcase name="WishlisttocartDiffShipAddress" time="100.252" classname="testcase.Wishlist"/>
  <testcase name="WishlisttocartUsingGuest" time="92.556" classname="testcase.Wishlist"/>
  <testcase name="fbShareWishlist" time="37.019" classname="testcase.Wishlist"/>
  <testcase name="wishlistProduct" time="34.270" classname="testcase.Wishlist"/>
  <testcase name="WishlisttocartUsingExpress" time="97.656" classname="testcase.Wishlist"/>
  <testcase name="twitterShareWishlist" time="33.350" classname="testcase.Wishlist"/>
  <testcase name="shareWishlist" time="39.694" classname="testcase.Wishlist"/>
  <testcase name="createWishlist" time="65.570" classname="testcase.Wishlist"/>
</testsuite> <!-- testcase.Wishlist -->
