<?xml version="1.0" encoding="UTF-8"?>
<!-- Generated by org.testng.reporters.JUnitReportReporter -->
<testsuite hostname="DESKTOP-NBJ195T" name="testcase.SignUpLogin" tests="3" failures="0" timestamp="2 Jul 2019 10:34:13 GMT" time="162.468" errors="0">
  <testcase name="LoginUnicefUS" time="87.523" classname="testcase.SignUpLogin"/>
  <testcase name="userSignup" time="41.436" classname="testcase.SignUpLogin"/>
  <testcase name="forgetPassword" time="33.509" classname="testcase.SignUpLogin"/>
</testsuite> <!-- testcase.SignUpLogin -->
