<?xml version="1.0" encoding="UTF-8"?>
<!-- Generated by org.testng.reporters.JUnitReportReporter -->
<testsuite hostname="DESKTOP-NBJ195T" name="testcase.CriticalPathFlow" tests="1" failures="0" timestamp="25 Jun 2019 09:25:52 GMT" time="88.673" errors="0">
  <testcase name="typeandsearch" time="88.673" classname="testcase.CriticalPathFlow"/>
</testsuite> <!-- testcase.CriticalPathFlow -->
