<?xml version="1.0" encoding="UTF-8"?>
<!-- Generated by org.testng.reporters.JUnitReportReporter -->
<testsuite hostname="DESKTOP-NBJ195T" name="testcase.InspiredGifts" tests="6" failures="0" timestamp="8 Jul 2019 05:38:47 GMT" time="539.538" errors="0">
  <testcase name="IGcreateCardPrintAtHomeCard" time="93.117" classname="testcase.InspiredGifts"/>
  <testcase name="expressCheckOutIGgift" time="101.564" classname="testcase.InspiredGifts"/>
  <testcase name="IGcreateCardEGreeting" time="82.715" classname="testcase.InspiredGifts"/>
  <testcase name="IGcreateCardNoCard" time="95.243" classname="testcase.InspiredGifts"/>
  <testcase name="IGcreateCardPrintedCard" time="62.728" classname="testcase.InspiredGifts"/>
  <testcase name="guestCheckOutIGgift" time="104.171" classname="testcase.InspiredGifts"/>
</testsuite> <!-- testcase.InspiredGifts -->
