<?xml version="1.0" encoding="UTF-8"?>
<!-- Generated by org.testng.reporters.JUnitReportReporter -->
<testsuite hostname="DESKTOP-NBJ195T" name="testcase.InspiredGifts" tests="6" failures="0" timestamp="9 Jul 2019 09:18:44 GMT" time="519.232" errors="0">
  <testcase name="IGcreateCardNoCard" time="59.611" classname="testcase.InspiredGifts"/>
  <testcase name="expressCheckOutIGgift" time="111.934" classname="testcase.InspiredGifts"/>
  <testcase name="IGcreateCardEGreeting" time="87.598" classname="testcase.InspiredGifts"/>
  <testcase name="IGcreateCardPrintedCard" time="74.599" classname="testcase.InspiredGifts"/>
  <testcase name="guestCheckOutIGgift" time="109.064" classname="testcase.InspiredGifts"/>
  <testcase name="IGcreateCardPrintAtHomeCard" time="76.426" classname="testcase.InspiredGifts"/>
</testsuite> <!-- testcase.InspiredGifts -->
