<?xml version="1.0" encoding="UTF-8"?>
<!-- Generated by org.testng.reporters.JUnitReportReporter -->
<testsuite hostname="DESKTOP-NBJ195T" name="testcase.SignUpLogin" tests="1" failures="0" timestamp="14 Jun 2019 06:46:08 GMT" time="45.006" errors="0">
  <testcase name="forgetPassword" time="45.006" classname="testcase.SignUpLogin"/>
</testsuite> <!-- testcase.SignUpLogin -->
