<?xml version="1.0" encoding="UTF-8"?>
<!-- Generated by org.testng.reporters.JUnitReportReporter -->
<testsuite hostname="DESKTOP-NBJ195T" name="testcase.Homepage" tests="2" failures="0" timestamp="24 Jul 2019 07:46:25 GMT" time="174.318" errors="0">
  <testcase name="headerMenu" time="142.790" classname="testcase.Homepage"/>
  <testcase name="searchProduct" time="31.528" classname="testcase.Homepage"/>
</testsuite> <!-- testcase.Homepage -->
