<?xml version="1.0" encoding="UTF-8"?>
<!-- Generated by org.testng.reporters.JUnitReportReporter -->
<testsuite hostname="DESKTOP-NBJ195T" name="testcase.Wishlist" tests="11" failures="0" timestamp="2 Jul 2019 10:34:13 GMT" time="723.293" errors="0">
  <testcase name="WishlisttocartUsingExpress" time="111.860" classname="testcase.Wishlist"/>
  <testcase name="viewProductWishlist" time="61.272" classname="testcase.Wishlist"/>
  <testcase name="createWishlist" time="71.214" classname="testcase.Wishlist"/>
  <testcase name="fbShareWishlist" time="43.288" classname="testcase.Wishlist"/>
  <testcase name="removeAddressFromAddressBook" time="54.910" classname="testcase.Wishlist"/>
  <testcase name="twitterShareWishlist" time="37.670" classname="testcase.Wishlist"/>
  <testcase name="removeWishlist" time="36.687" classname="testcase.Wishlist"/>
  <testcase name="wishlistProduct" time="37.892" classname="testcase.Wishlist"/>
  <testcase name="WishlisttocartDiffShipAddress" time="116.924" classname="testcase.Wishlist"/>
  <testcase name="WishlisttocartUsingGuest" time="114.574" classname="testcase.Wishlist"/>
  <testcase name="shareWishlist" time="37.002" classname="testcase.Wishlist"/>
</testsuite> <!-- testcase.Wishlist -->
