<?xml version="1.0" encoding="UTF-8"?>
<!-- Generated by org.testng.reporters.JUnitReportReporter -->
<testsuite hostname="DESKTOP-NBJ195T" name="testcase.WishlistCart" tests="1" failures="0" timestamp="5 Jun 2019 10:01:23 GMT" time="98.751" errors="0">
  <testcase name="Wishlisttocart" time="98.751" classname="testcase.WishlistCart"/>
</testsuite> <!-- testcase.WishlistCart -->
