<?xml version="1.0" encoding="UTF-8"?>
<!-- Generated by org.testng.reporters.JUnitReportReporter -->
<testsuite hostname="DESKTOP-NBJ195T" name="testcase.SignUpLogin" tests="3" failures="0" timestamp="25 Jun 2019 09:25:52 GMT" time="103.209" errors="0">
  <testcase name="forgetPassword" time="35.341" classname="testcase.SignUpLogin"/>
  <testcase name="userSignup" time="39.372" classname="testcase.SignUpLogin"/>
  <testcase name="LoginUnicefUS" time="28.496" classname="testcase.SignUpLogin"/>
</testsuite> <!-- testcase.SignUpLogin -->
