<?xml version="1.0" encoding="UTF-8"?>
<!-- Generated by org.testng.reporters.JUnitReportReporter -->
<testsuite hostname="DESKTOP-NBJ195T" name="testcase.SignUpLogin" tests="3" failures="0" timestamp="11 Jul 2019 07:38:54 GMT" time="139.833" errors="0">
  <testcase name="forgetPassword" time="71.136" classname="testcase.SignUpLogin"/>
  <testcase name="userSignup" time="38.251" classname="testcase.SignUpLogin"/>
  <testcase name="LoginUnicefUS" time="30.446" classname="testcase.SignUpLogin"/>
</testsuite> <!-- testcase.SignUpLogin -->
