<?xml version="1.0" encoding="UTF-8"?>
<!-- Generated by org.testng.reporters.JUnitReportReporter -->
<testsuite hostname="DESKTOP-NBJ195T" name="testcase.Homepage" tests="2" failures="0" timestamp="16 Jul 2019 09:45:31 GMT" time="108.352" errors="0">
  <testcase name="headerMenu" time="78.401" classname="testcase.Homepage"/>
  <testcase name="searchProduct" time="29.951" classname="testcase.Homepage"/>
</testsuite> <!-- testcase.Homepage -->
