<?xml version="1.0" encoding="UTF-8"?>
<!-- Generated by org.testng.reporters.JUnitReportReporter -->
<testsuite hostname="DESKTOP-NBJ195T" name="testcase.SignUpLogin" tests="3" failures="0" timestamp="25 Jul 2019 09:31:13 GMT" time="108.162" errors="0">
  <testcase name="forgetPassword" time="36.814" classname="testcase.SignUpLogin"/>
  <testcase name="LoginUnicefUS" time="29.840" classname="testcase.SignUpLogin"/>
  <testcase name="userSignup" time="41.508" classname="testcase.SignUpLogin"/>
</testsuite> <!-- testcase.SignUpLogin -->
