<?xml version="1.0" encoding="UTF-8"?>
<!-- Generated by org.testng.reporters.JUnitReportReporter -->
<testsuite hostname="DESKTOP-NBJ195T" name="testcase.Homepage" tests="2" failures="0" timestamp="2 Aug 2019 07:26:17 GMT" time="126.228" errors="0">
  <testcase name="headerMenu" time="87.921" classname="testcase.Homepage"/>
  <testcase name="searchProduct" time="38.307" classname="testcase.Homepage"/>
</testsuite> <!-- testcase.Homepage -->
