<?xml version="1.0" encoding="UTF-8"?>
<!-- Generated by org.testng.reporters.JUnitReportReporter -->
<testsuite hostname="DESKTOP-NBJ195T" name="testcase.Wishlist" tests="11" failures="0" timestamp="25 Jun 2019 09:25:52 GMT" time="735.563" errors="0">
  <testcase name="fbShareWishlist" time="37.201" classname="testcase.Wishlist"/>
  <testcase name="shareWishlist" time="39.180" classname="testcase.Wishlist"/>
  <testcase name="twitterShareWishlist" time="42.962" classname="testcase.Wishlist"/>
  <testcase name="wishlistProduct" time="36.847" classname="testcase.Wishlist"/>
  <testcase name="removeWishlist" time="39.470" classname="testcase.Wishlist"/>
  <testcase name="WishlisttocartDiffShipAddress" time="119.413" classname="testcase.Wishlist"/>
  <testcase name="createWishlist" time="68.398" classname="testcase.Wishlist"/>
  <testcase name="viewProductWishlist" time="41.162" classname="testcase.Wishlist"/>
  <testcase name="WishlisttocartUsingGuest" time="131.014" classname="testcase.Wishlist"/>
  <testcase name="removeAddressFromAddressBook" time="59.923" classname="testcase.Wishlist"/>
  <testcase name="WishlisttocartUsingExpress" time="119.993" classname="testcase.Wishlist"/>
</testsuite> <!-- testcase.Wishlist -->
