<?xml version="1.0" encoding="UTF-8"?>
<!-- Generated by org.testng.reporters.JUnitReportReporter -->
<testsuite hostname="DESKTOP-NBJ195T" name="testcase.InspiredGifts" tests="1" failures="0" timestamp="11 Jun 2019 13:08:47 GMT" time="77.570" errors="0">
  <testcase name="IGchooseProduct" time="77.570" classname="testcase.InspiredGifts"/>
</testsuite> <!-- testcase.InspiredGifts -->
