<?xml version="1.0" encoding="UTF-8"?>
<!-- Generated by org.testng.reporters.JUnitReportReporter -->
<testsuite hostname="DESKTOP-NBJ195T" name="testcase.Homepage" tests="2" failures="0" timestamp="11 Jul 2019 07:38:54 GMT" time="148.639" errors="0">
  <testcase name="searchProduct" time="37.003" classname="testcase.Homepage"/>
  <testcase name="headerMenu" time="111.636" classname="testcase.Homepage"/>
</testsuite> <!-- testcase.Homepage -->
