<?xml version="1.0" encoding="UTF-8"?>
<!-- Generated by org.testng.reporters.JUnitReportReporter -->
<testsuite hostname="DESKTOP-NBJ195T" name="testcase.WishlistCart" tests="1" failures="0" timestamp="10 Jun 2019 12:10:47 GMT" time="63.463" errors="0">
  <testcase name="createWishlist" time="63.463" classname="testcase.WishlistCart"/>
</testsuite> <!-- testcase.WishlistCart -->
