<?xml version="1.0" encoding="UTF-8"?>
<!-- Generated by org.testng.reporters.JUnitReportReporter -->
<testsuite hostname="DESKTOP-NBJ195T" name="testcase.Homepage" tests="2" failures="0" timestamp="2 Jul 2019 10:34:13 GMT" time="184.838" errors="0">
  <testcase name="searchProduct" time="92.850" classname="testcase.Homepage"/>
  <testcase name="headerMenu" time="91.988" classname="testcase.Homepage"/>
</testsuite> <!-- testcase.Homepage -->
