<?xml version="1.0" encoding="UTF-8"?>
<!-- Generated by org.testng.reporters.JUnitReportReporter -->
<testsuite hostname="DESKTOP-NBJ195T" name="testcase.InspiredGifts" tests="6" failures="0" timestamp="2 Jul 2019 10:34:13 GMT" time="473.198" errors="0">
  <testcase name="IGcreateCardEGreeting" time="67.410" classname="testcase.InspiredGifts"/>
  <testcase name="expressCheckOutIGgift" time="109.738" classname="testcase.InspiredGifts"/>
  <testcase name="IGcreateCardPrintedCard" time="66.697" classname="testcase.InspiredGifts"/>
  <testcase name="IGcreateCardPrintAtHomeCard" time="73.118" classname="testcase.InspiredGifts"/>
  <testcase name="IGcreateCardNoCard" time="57.913" classname="testcase.InspiredGifts"/>
  <testcase name="guestCheckOutIGgift" time="98.322" classname="testcase.InspiredGifts"/>
</testsuite> <!-- testcase.InspiredGifts -->
