<?xml version="1.0" encoding="UTF-8"?>
<!-- Generated by org.testng.reporters.JUnitReportReporter -->
<testsuite hostname="DESKTOP-NBJ195T" name="testcase.InspiredGifts" tests="7" failures="0" timestamp="24 Jul 2019 07:46:25 GMT" time="549.233" errors="0">
  <testcase name="removeAddressFromAddressBook" time="52.123" classname="testcase.InspiredGifts"/>
  <testcase name="IGcreateCardPrintAtHomeCard" time="80.476" classname="testcase.InspiredGifts"/>
  <testcase name="guestCheckOutIGgift" time="102.444" classname="testcase.InspiredGifts"/>
  <testcase name="IGcreateCardPrintedCard" time="76.860" classname="testcase.InspiredGifts"/>
  <testcase name="expressCheckOutIGgift" time="101.776" classname="testcase.InspiredGifts"/>
  <testcase name="IGcreateCardNoCard" time="64.978" classname="testcase.InspiredGifts"/>
  <testcase name="IGcreateCardEGreeting" time="70.576" classname="testcase.InspiredGifts"/>
</testsuite> <!-- testcase.InspiredGifts -->
