<?xml version="1.0" encoding="UTF-8"?>
<!-- Generated by org.testng.reporters.JUnitReportReporter -->
<testsuite hostname="DESKTOP-NBJ195T" name="testcase.InspiredGifts" tests="6" failures="0" timestamp="25 Jun 2019 09:25:52 GMT" time="570.112" errors="0">
  <testcase name="expressCheckOutIGgift" time="98.383" classname="testcase.InspiredGifts"/>
  <testcase name="guestCheckOutIGgift" time="127.198" classname="testcase.InspiredGifts"/>
  <testcase name="IGcreateCardPrintAtHomeCard" time="103.183" classname="testcase.InspiredGifts"/>
  <testcase name="IGcreateCardNoCard" time="81.228" classname="testcase.InspiredGifts"/>
  <testcase name="IGcreateCardPrintedCard" time="70.811" classname="testcase.InspiredGifts"/>
  <testcase name="IGcreateCardEGreeting" time="89.309" classname="testcase.InspiredGifts"/>
</testsuite> <!-- testcase.InspiredGifts -->
