<?xml version="1.0" encoding="UTF-8"?>
<!-- Generated by org.testng.reporters.JUnitReportReporter -->
<testsuite hostname="DESKTOP-NBJ195T" name="testcase.InspiredGifts" tests="6" failures="0" timestamp="16 Jul 2019 09:45:31 GMT" time="487.557" errors="0">
  <testcase name="guestCheckOutIGgift" time="114.383" classname="testcase.InspiredGifts"/>
  <testcase name="IGcreateCardPrintAtHomeCard" time="72.973" classname="testcase.InspiredGifts"/>
  <testcase name="IGcreateCardPrintedCard" time="62.778" classname="testcase.InspiredGifts"/>
  <testcase name="expressCheckOutIGgift" time="96.296" classname="testcase.InspiredGifts"/>
  <testcase name="IGcreateCardEGreeting" time="79.369" classname="testcase.InspiredGifts"/>
  <testcase name="IGcreateCardNoCard" time="61.758" classname="testcase.InspiredGifts"/>
</testsuite> <!-- testcase.InspiredGifts -->
