<?xml version="1.0" encoding="UTF-8"?>
<!-- Generated by org.testng.reporters.JUnitReportReporter -->
<testsuite hostname="DESKTOP-NBJ195T" name="testcase.Wishlist" tests="11" failures="0" timestamp="9 Jul 2019 09:18:44 GMT" time="745.803" errors="0">
  <testcase name="WishlisttocartUsingGuest" time="116.078" classname="testcase.Wishlist"/>
  <testcase name="WishlisttocartUsingExpress" time="125.393" classname="testcase.Wishlist"/>
  <testcase name="viewProductWishlist" time="39.915" classname="testcase.Wishlist"/>
  <testcase name="twitterShareWishlist" time="48.146" classname="testcase.Wishlist"/>
  <testcase name="wishlistProduct" time="35.645" classname="testcase.Wishlist"/>
  <testcase name="removeAddressFromAddressBook" time="62.288" classname="testcase.Wishlist"/>
  <testcase name="fbShareWishlist" time="37.903" classname="testcase.Wishlist"/>
  <testcase name="shareWishlist" time="39.635" classname="testcase.Wishlist"/>
  <testcase name="removeWishlist" time="51.022" classname="testcase.Wishlist"/>
  <testcase name="createWishlist" time="70.866" classname="testcase.Wishlist"/>
  <testcase name="WishlisttocartDiffShipAddress" time="118.912" classname="testcase.Wishlist"/>
</testsuite> <!-- testcase.Wishlist -->
