<?xml version="1.0" encoding="UTF-8"?>
<!-- Generated by org.testng.reporters.JUnitReportReporter -->
<testsuite hostname="DESKTOP-NBJ195T" name="testcase.SignUpLogin" tests="1" failures="0" timestamp="17 Jun 2019 09:21:07 GMT" time="47.797" errors="0">
  <testcase name="forgetPassword" time="47.797" classname="testcase.SignUpLogin"/>
</testsuite> <!-- testcase.SignUpLogin -->
