<?xml version="1.0" encoding="UTF-8"?>
<!-- Generated by org.testng.reporters.JUnitReportReporter -->
<testsuite hostname="DESKTOP-NBJ195T" name="testcase.SignUpLogin" tests="3" failures="0" timestamp="1 Jul 2019 05:38:11 GMT" time="148.181" errors="0">
  <testcase name="forgetPassword" time="41.536" classname="testcase.SignUpLogin"/>
  <testcase name="userSignup" time="60.972" classname="testcase.SignUpLogin"/>
  <testcase name="LoginUnicefUS" time="45.673" classname="testcase.SignUpLogin"/>
</testsuite> <!-- testcase.SignUpLogin -->
