<?xml version="1.0" encoding="UTF-8"?>
<!-- Generated by org.testng.reporters.JUnitReportReporter -->
<testsuite hostname="DESKTOP-NBJ195T" name="testcase.Wishlist" tests="10" failures="0" timestamp="12 Jun 2019 07:03:01 GMT" time="578.815" errors="0">
  <testcase name="shareWishlist" time="30.234" classname="testcase.Wishlist"/>
  <testcase name="WishlisttocartUsingGuest" time="110.143" classname="testcase.Wishlist"/>
  <testcase name="fbShareWishlist" time="29.643" classname="testcase.Wishlist"/>
  <testcase name="twitterShareWishlist" time="30.048" classname="testcase.Wishlist"/>
  <testcase name="createWishlist" time="63.354" classname="testcase.Wishlist"/>
  <testcase name="wishlistProduct" time="42.958" classname="testcase.Wishlist"/>
  <testcase name="WishlisttocartUsingExpress" time="96.265" classname="testcase.Wishlist"/>
  <testcase name="viewProductWishlist" time="29.840" classname="testcase.Wishlist"/>
  <testcase name="WishlisttocartDiffShipAddress" time="105.393" classname="testcase.Wishlist"/>
  <testcase name="removeWishlist" time="40.937" classname="testcase.Wishlist"/>
</testsuite> <!-- testcase.Wishlist -->
