<?xml version="1.0" encoding="UTF-8"?>
<!-- Generated by org.testng.reporters.JUnitReportReporter -->
<testsuite hostname="DESKTOP-NBJ195T" name="testcase.InspiredGifts" tests="7" failures="0" timestamp="25 Jul 2019 09:22:30 GMT" time="521.099" errors="0">
  <testcase name="IGcreateCardPrintedCard" time="63.483" classname="testcase.InspiredGifts"/>
  <testcase name="IGcreateCardPrintAtHomeCard" time="70.847" classname="testcase.InspiredGifts"/>
  <testcase name="IGcreateCardNoCard" time="64.914" classname="testcase.InspiredGifts"/>
  <testcase name="IGcreateCardEGreeting" time="74.382" classname="testcase.InspiredGifts"/>
  <testcase name="guestCheckOutIGgift" time="100.347" classname="testcase.InspiredGifts"/>
  <testcase name="removeAddressFromAddressBook" time="49.147" classname="testcase.InspiredGifts"/>
  <testcase name="expressCheckOutIGgift" time="97.979" classname="testcase.InspiredGifts"/>
</testsuite> <!-- testcase.InspiredGifts -->
