<?xml version="1.0" encoding="UTF-8"?>
<!-- Generated by org.testng.reporters.JUnitReportReporter -->
<testsuite hostname="DESKTOP-NBJ195T" name="testcase.SignUpLogin" tests="3" failures="0" timestamp="16 Jul 2019 09:45:31 GMT" time="107.797" errors="0">
  <testcase name="LoginUnicefUS" time="29.311" classname="testcase.SignUpLogin"/>
  <testcase name="userSignup" time="42.519" classname="testcase.SignUpLogin"/>
  <testcase name="forgetPassword" time="35.967" classname="testcase.SignUpLogin"/>
</testsuite> <!-- testcase.SignUpLogin -->
