<?xml version="1.0" encoding="UTF-8"?>
<!-- Generated by org.testng.reporters.JUnitReportReporter -->
<testsuite hostname="DESKTOP-NBJ195T" name="testcase.SignUpLogin" tests="2" failures="0" timestamp="18 Jun 2019 06:04:17 GMT" time="75.992" errors="0">
  <testcase name="LoginUnicefUS" time="34.288" classname="testcase.SignUpLogin"/>
  <testcase name="forgetPassword" time="41.704" classname="testcase.SignUpLogin"/>
</testsuite> <!-- testcase.SignUpLogin -->
