<?xml version="1.0" encoding="UTF-8"?>
<!-- Generated by org.testng.reporters.JUnitReportReporter -->
<testsuite hostname="DESKTOP-NBJ195T" name="testcase.Homepage" tests="2" failures="0" timestamp="1 Jul 2019 05:38:11 GMT" time="337.132" errors="0">
  <testcase name="searchProduct" time="42.149" classname="testcase.Homepage"/>
  <testcase name="headerMenu" time="294.983" classname="testcase.Homepage"/>
</testsuite> <!-- testcase.Homepage -->
