<?xml version="1.0" encoding="UTF-8"?>
<!-- Generated by org.testng.reporters.JUnitReportReporter -->
<testsuite hostname="DESKTOP-NBJ195T" name="testcase.CriticalPathFlow" tests="1" failures="0" timestamp="2 Jul 2019 11:45:59 GMT" time="78.922" errors="0">
  <testcase name="typeandsearch" time="78.922" classname="testcase.CriticalPathFlow"/>
</testsuite> <!-- testcase.CriticalPathFlow -->
