<?xml version="1.0" encoding="UTF-8"?>
<!-- Generated by org.testng.reporters.JUnitReportReporter -->
<testsuite hostname="DESKTOP-NBJ195T" name="testcase.InspiredGifts" tests="6" failures="0" timestamp="2 Aug 2019 07:26:17 GMT" time="444.370" errors="0">
  <testcase name="IGcreateCardPrintAtHomeCard" time="65.708" classname="testcase.InspiredGifts"/>
  <testcase name="IGcreateCardNoCard" time="57.433" classname="testcase.InspiredGifts"/>
  <testcase name="expressCheckOutIGgift" time="95.875" classname="testcase.InspiredGifts"/>
  <testcase name="IGcreateCardPrintedCard" time="57.226" classname="testcase.InspiredGifts"/>
  <testcase name="guestCheckOutIGgift" time="97.616" classname="testcase.InspiredGifts"/>
  <testcase name="IGcreateCardEGreeting" time="70.512" classname="testcase.InspiredGifts"/>
</testsuite> <!-- testcase.InspiredGifts -->
