<?xml version="1.0" encoding="UTF-8"?>
<!-- Generated by org.testng.reporters.JUnitReportReporter -->
<testsuite hostname="DESKTOP-NBJ195T" name="testcase.SignUpLogin" tests="3" failures="0" timestamp="15 Jul 2019 13:19:30 GMT" time="104.623" errors="0">
  <testcase name="LoginUnicefUS" time="29.610" classname="testcase.SignUpLogin"/>
  <testcase name="userSignup" time="38.124" classname="testcase.SignUpLogin"/>
  <testcase name="forgetPassword" time="36.889" classname="testcase.SignUpLogin"/>
</testsuite> <!-- testcase.SignUpLogin -->
