<?xml version="1.0" encoding="UTF-8"?>
<!-- Generated by org.testng.reporters.JUnitReportReporter -->
<testsuite hostname="DESKTOP-NBJ195T" name="testcase.InspiredGifts" tests="6" failures="0" timestamp="15 Jul 2019 13:19:30 GMT" time="475.939" errors="0">
  <testcase name="IGcreateCardNoCard" time="66.727" classname="testcase.InspiredGifts"/>
  <testcase name="guestCheckOutIGgift" time="102.277" classname="testcase.InspiredGifts"/>
  <testcase name="expressCheckOutIGgift" time="100.058" classname="testcase.InspiredGifts"/>
  <testcase name="IGcreateCardEGreeting" time="70.819" classname="testcase.InspiredGifts"/>
  <testcase name="IGcreateCardPrintAtHomeCard" time="74.246" classname="testcase.InspiredGifts"/>
  <testcase name="IGcreateCardPrintedCard" time="61.812" classname="testcase.InspiredGifts"/>
</testsuite> <!-- testcase.InspiredGifts -->
