<?xml version="1.0" encoding="UTF-8"?>
<!-- Generated by org.testng.reporters.JUnitReportReporter -->
<testsuite hostname="DESKTOP-NBJ195T" name="testcase.Wishlist" tests="11" failures="0" timestamp="15 Jul 2019 13:19:30 GMT" time="750.070" errors="0">
  <testcase name="createWishlist" time="82.071" classname="testcase.Wishlist"/>
  <testcase name="WishlisttocartDiffShipAddress" time="124.217" classname="testcase.Wishlist"/>
  <testcase name="removeAddressFromAddressBook" time="68.443" classname="testcase.Wishlist"/>
  <testcase name="twitterShareWishlist" time="37.240" classname="testcase.Wishlist"/>
  <testcase name="wishlistProduct" time="37.448" classname="testcase.Wishlist"/>
  <testcase name="shareWishlist" time="34.712" classname="testcase.Wishlist"/>
  <testcase name="fbShareWishlist" time="36.812" classname="testcase.Wishlist"/>
  <testcase name="WishlisttocartUsingExpress" time="125.617" classname="testcase.Wishlist"/>
  <testcase name="viewProductWishlist" time="31.339" classname="testcase.Wishlist"/>
  <testcase name="removeWishlist" time="35.681" classname="testcase.Wishlist"/>
  <testcase name="WishlisttocartUsingGuest" time="136.490" classname="testcase.Wishlist"/>
</testsuite> <!-- testcase.Wishlist -->
