<?xml version="1.0" encoding="UTF-8"?>
<!-- Generated by org.testng.reporters.JUnitReportReporter -->
<testsuite hostname="DESKTOP-NBJ195T" name="testcase.WishlistCart" tests="3" failures="0" timestamp="5 Jun 2019 12:43:14 GMT" time="168.470" errors="0">
  <testcase name="Wishlisttocart" time="95.404" classname="testcase.WishlistCart"/>
  <testcase name="wishlist" time="46.658" classname="testcase.WishlistCart"/>
  <testcase name="removeWishlist" time="26.408" classname="testcase.WishlistCart"/>
</testsuite> <!-- testcase.WishlistCart -->
