<?xml version="1.0" encoding="UTF-8"?>
<!-- Generated by org.testng.reporters.JUnitReportReporter -->
<testsuite hostname="DESKTOP-NBJ195T" name="testcase.InspiredGifts" tests="6" failures="0" timestamp="18 Jun 2019 06:04:17 GMT" time="390.145" errors="0">
  <testcase name="IGcreateCardEGreeting" time="57.773" classname="testcase.InspiredGifts"/>
  <testcase name="guestCheckOutIGgift" time="88.617" classname="testcase.InspiredGifts"/>
  <testcase name="IGcreateCardPrintedCard" time="50.241" classname="testcase.InspiredGifts"/>
  <testcase name="IGcreateCardPrintAtHomeCard" time="56.489" classname="testcase.InspiredGifts"/>
  <testcase name="IGcreateCardNoCard" time="51.066" classname="testcase.InspiredGifts"/>
  <testcase name="expressCheckOutIGgift" time="85.959" classname="testcase.InspiredGifts"/>
</testsuite> <!-- testcase.InspiredGifts -->
