<?xml version="1.0" encoding="UTF-8"?>
<!-- Generated by org.testng.reporters.JUnitReportReporter -->
<testsuite hostname="DESKTOP-NBJ195T" name="testcase.SignUpLogin" tests="3" failures="0" timestamp="8 Jul 2019 05:38:47 GMT" time="111.262" errors="0">
  <testcase name="LoginUnicefUS" time="35.470" classname="testcase.SignUpLogin"/>
  <testcase name="userSignup" time="39.593" classname="testcase.SignUpLogin"/>
  <testcase name="forgetPassword" time="36.199" classname="testcase.SignUpLogin"/>
</testsuite> <!-- testcase.SignUpLogin -->
