<?xml version="1.0" encoding="UTF-8"?>
<!-- Generated by org.testng.reporters.JUnitReportReporter -->
<testsuite hostname="DESKTOP-NBJ195T" name="testcase.CriticalPathFlow" tests="1" failures="0" timestamp="20 Jun 2019 05:57:38 GMT" time="74.467" errors="0">
  <testcase name="typeandsearch" time="74.467" classname="testcase.CriticalPathFlow"/>
</testsuite> <!-- testcase.CriticalPathFlow -->
