<?xml version="1.0" encoding="UTF-8"?>
<!-- Generated by org.testng.reporters.JUnitReportReporter -->
<testsuite hostname="DESKTOP-NBJ195T" name="testcase.Homepage" tests="2" failures="0" timestamp="8 Jul 2019 05:38:47 GMT" time="325.546" errors="0">
  <testcase name="searchProduct" time="223.100" classname="testcase.Homepage"/>
  <testcase name="headerMenu" time="102.446" classname="testcase.Homepage"/>
</testsuite> <!-- testcase.Homepage -->
