<?xml version="1.0" encoding="UTF-8"?>
<!-- Generated by org.testng.reporters.JUnitReportReporter -->
<testsuite hostname="DESKTOP-NBJ195T" name="testcase.SignUpLogin" tests="3" failures="0" timestamp="9 Jul 2019 09:18:44 GMT" time="151.626" errors="0">
  <testcase name="forgetPassword" time="33.137" classname="testcase.SignUpLogin"/>
  <testcase name="userSignup" time="84.219" classname="testcase.SignUpLogin"/>
  <testcase name="LoginUnicefUS" time="34.270" classname="testcase.SignUpLogin"/>
</testsuite> <!-- testcase.SignUpLogin -->
